<?xml version="1.0" encoding="UTF-8"?>
<testsuite xmlns:xsi="http://www.w3.org/2001/XMLSchema-instance" xsi:noNamespaceSchemaLocation="https://maven.apache.org/surefire/maven-surefire-plugin/xsd/surefire-test-report.xsd" name="stellarburgerstests.ConstructorTest" time="5.953" tests="3" errors="0" skipped="0" failures="0">
  <properties>
[...]
</properties>
  <testcase name="checkConstructorPageOpensAfterClickOnLogoButtonFromPersonalCabinet" classname="stellarburgerstests.ConstructorTest" time="2.564"/>
  <testcase name="checkConstructorPageOpensAfterClickOnConstructorButtonFromPersonalCabinet" classname="stellarburgerstests.ConstructorTest" time="2.528"/>
  <testcase name="checkSwitchingBetweenSectionsIsWork" classname="stellarburgerstests.ConstructorTest" time="0.858"/>
</testsuite>